[35m[Appium][39m Welcome to Appium v1.22.3
[35m[Appium][39m Non-default server args:
[35m[Appium][39m   port: 62054
[35m[Appium][39m   loglevel: info
[35m[Appium][39m   tmpDir: C:\Users\ZALU\AppData\Local\Temp\\Katalon\Appium\Temp1671967317708
[35m[Appium][39m   chromedriverPort: 62055
[35m[Appium][39m Deprecated server args:
[35m[Appium][39m   [31m--chromedriver-port[39m => --default-capabilities
[35m[Appium][39m Default capabilities, which will be added to each request unless overridden by desired capabilities:
[35m[Appium][39m   chromedriverPort: 62055
[35m[Appium][39m Appium REST http interface listener started on 0.0.0.0:62054
[35m[HTTP][39m [37m-->[39m [37mGET[39m [37m/wd/hub/status[39m
[35m[HTTP][39m [90m{}[39m
[35m[HTTP][39m [37m<-- GET /wd/hub/status [39m[32m200[39m [90m14 ms - 68[39m
[35m[HTTP][39m [90m[39m
[35m[HTTP][39m [37m-->[39m [37mGET[39m [37m/wd/hub/status[39m
[35m[HTTP][39m [90m{}[39m
[35m[HTTP][39m [37m<-- GET /wd/hub/status [39m[32m200[39m [90m3 ms - 68[39m
[35m[HTTP][39m [90m[39m
[35m[HTTP][39m [37m-->[39m [37mPOST[39m [37m/wd/hub/session[39m
[35m[HTTP][39m [90m{"desiredCapabilities":{"appActivity":".Settings","appPackage":"com.android.settings","newCommandTimeout":1800,"platformVersion":"6.0","autoGrantPermissions":true,"platformName":"Android","udid":"emulator-5554","deviceName":"emulator-5554 (Android SDK built for x86_64 - Android 6.0)","platform":"ANDROID","systemPort":8258},"capabilities":{"firstMatch":[{"appium:appActivity":".Settings","appium:appPackage":"com.android.settings","appium:autoGrantPermissions":true,"appium:deviceName":"emulator-5554 (Android SDK built for x86_64 - Android 6.0)","appium:newCommandTimeout":1800,"platform":"ANDROID","platformName":"android","appium:platformVersion":"6.0","appium:systemPort":8258,"appium:udid":"emulator-5554"}]}}[39m
[35m[BaseDriver][39m The following capabilities are not standard capabilities and should have an extension prefix:
[35m[BaseDriver][39m   platform
[35m[BaseDriver][39m   chromedriverPort
[35m[Appium][39m 
[35m[Appium][39m ======================================================================
[35m[Appium][39m   DEPRECATION WARNING:
[35m[Appium][39m 
[35m[Appium][39m   The 'automationName' capability was not provided in the desired 
[35m[Appium][39m   capabilities for this Android session
[35m[Appium][39m 
[35m[Appium][39m   Setting 'automationName=UiAutomator2' by default and using the 
[35m[Appium][39m   UiAutomator2 Driver
[35m[Appium][39m 
[35m[Appium][39m   The next major version of Appium (2.x) will **require** the 
[35m[Appium][39m   'automationName' capability to be set for all sessions on all 
[35m[Appium][39m   platforms
[35m[Appium][39m 
[35m[Appium][39m   In previous versions (Appium <= 1.13.x), the default was 
[35m[Appium][39m   'automationName=UiAutomator1'
[35m[Appium][39m 
[35m[Appium][39m   If you wish to use that automation instead of UiAutomator2, please 
[35m[Appium][39m   add 'automationName=UiAutomator1' to your desired capabilities
[35m[Appium][39m 
[35m[Appium][39m   For more information about drivers, please visit 
[35m[Appium][39m   http://appium.io/docs/en/about-appium/intro/ and explore the 
[35m[Appium][39m   'Drivers' menu
[35m[Appium][39m 
[35m[Appium][39m ======================================================================
[35m[Appium][39m 
[35m[Appium][39m Appium v1.22.3 creating new AndroidUiautomator2Driver (v1.70.1) session
[35m[BaseDriver][39m The following capabilities were provided, but are not recognized by Appium:
[35m[BaseDriver][39m   platform
[35m[BaseDriver][39m Session created with session id: 4af83be2-22da-4534-801a-fb982d9e7c5d
[35m[UiAutomator2][39m Starting 'com.android.settings' directly on the device
[35m[ADB][39m Found 1 'build-tools' folders under 'C:\Users\ZALU\.katalon\tools\android_sdk' (newest first):
[35m[ADB][39m     C:/Users/ZALU/.katalon/tools/android_sdk/build-tools/29.0.3
[35m[ADB][39m Using 'adb.exe' from 'C:\Users\ZALU\.katalon\tools\android_sdk\platform-tools\adb.exe'
[35m[AndroidDriver][39m Retrieving device list
[35m[AndroidDriver][39m Using device: emulator-5554
[35m[ADB][39m Using 'adb.exe' from 'C:\Users\ZALU\.katalon\tools\android_sdk\platform-tools\adb.exe'
[35m[AndroidDriver][39m No app sent in, not parsing package/activity
[35m[ADB][39m Using 'apksigner.jar' from 'C:\Users\ZALU\.katalon\tools\android_sdk\build-tools\29.0.3\lib\apksigner.jar'
[35m[ADB][39m 'C:\Users\ZALU\AppData\Roaming\npm\node_modules\appium\node_modules\appium-uiautomator2-server\apks\appium-uiautomator2-server-v4.27.0.apk' is signed with the default certificate
[35m[ADB][39m 'C:\Users\ZALU\AppData\Roaming\npm\node_modules\appium\node_modules\appium-uiautomator2-server\apks\appium-uiautomator2-server-debug-androidTest.apk' is signed with the default certificate
[35m[UiAutomator2][39m Server packages are not going to be (re)installed
[35m[ADB][39m Adding packages ["io.appium.settings","io.appium.uiautomator2.server","io.appium.uiautomator2.server.test"] to Doze whitelist
[35m[UiAutomator2][39m Starting UIAutomator2 server 4.27.0
[35m[UiAutomator2][39m Using UIAutomator2 server from 'C:\Users\ZALU\AppData\Roaming\npm\node_modules\appium\node_modules\appium-uiautomator2-server\apks\appium-uiautomator2-server-v4.27.0.apk' and test from 'C:\Users\ZALU\AppData\Roaming\npm\node_modules\appium\node_modules\appium-uiautomator2-server\apks\appium-uiautomator2-server-debug-androidTest.apk'
[35m[UiAutomator2][39m Waiting up to 30000ms for UiAutomator2 to be online...
[35m[WD Proxy][39m socket hang up
[35m[WD Proxy][39m socket hang up
[35m[WD Proxy][39m Determined the downstream protocol as 'W3C'
[35m[AndroidDriver][39m Screen already unlocked, doing nothing
[35m[UiAutomator2][39m Starting 'com.android.settings/.Settings and waiting for 'com.android.settings/.Settings'
[35m[Appium][39m New AndroidUiautomator2Driver session created successfully, session 4af83be2-22da-4534-801a-fb982d9e7c5d added to master session list
[35m[HTTP][39m [37m<-- POST /wd/hub/session [39m[32m200[39m [90m17740 ms - 1152[39m
[35m[HTTP][39m [90m[39m
[35m[HTTP][39m [37m-->[39m [37mGET[39m [37m/wd/hub/session/4af83be2-22da-4534-801a-fb982d9e7c5d[39m
[35m[HTTP][39m [90m{}[39m
[35m[HTTP][39m [37m<-- GET /wd/hub/session/4af83be2-22da-4534-801a-fb982d9e7c5d [39m[32m200[39m [90m15 ms - 1106[39m
[35m[HTTP][39m [90m[39m
[35m[HTTP][39m [37m-->[39m [37mGET[39m [37m/wd/hub/session/4af83be2-22da-4534-801a-fb982d9e7c5d[39m
[35m[HTTP][39m [90m{}[39m
[35m[HTTP][39m [37m<-- GET /wd/hub/session/4af83be2-22da-4534-801a-fb982d9e7c5d [39m[32m200[39m [90m12 ms - 1106[39m
[35m[HTTP][39m [90m[39m
[35m[HTTP][39m [37m-->[39m [37mGET[39m [37m/wd/hub/status[39m
[35m[HTTP][39m [90m{}[39m
[35m[HTTP][39m [37m<-- GET /wd/hub/status [39m[32m200[39m [90m2 ms - 68[39m
[35m[HTTP][39m [90m[39m
[35m[HTTP][39m [37m-->[39m [37mPOST[39m [37m/wd/hub/session/4af83be2-22da-4534-801a-fb982d9e7c5d/timeouts[39m
[35m[HTTP][39m [90m{"implicit":60000}[39m
[35m[HTTP][39m [37m<-- POST /wd/hub/session/4af83be2-22da-4534-801a-fb982d9e7c5d/timeouts [39m[32m200[39m [90m6 ms - 14[39m
[35m[HTTP][39m [90m[39m
[35m[HTTP][39m [37m-->[39m [37mGET[39m [37m/wd/hub/session/4af83be2-22da-4534-801a-fb982d9e7c5d/screenshot[39m
[35m[HTTP][39m [90m{}[39m
[35m[HTTP][39m [37m<-- GET /wd/hub/session/4af83be2-22da-4534-801a-fb982d9e7c5d/screenshot [39m[32m200[39m [90m611 ms - 133644[39m
[35m[HTTP][39m [90m[39m
[35m[HTTP][39m [37m-->[39m [37mGET[39m [37m/wd/hub/session/4af83be2-22da-4534-801a-fb982d9e7c5d/window/rect[39m
[35m[HTTP][39m [90m{}[39m
[35m[HTTP][39m [37m<-- GET /wd/hub/session/4af83be2-22da-4534-801a-fb982d9e7c5d/window/rect [39m[32m200[39m [90m42 ms - 50[39m
[35m[HTTP][39m [90m[39m
[35m[HTTP][39m [37m-->[39m [37mGET[39m [37m/wd/hub/session/4af83be2-22da-4534-801a-fb982d9e7c5d/appium/device/system_bars[39m
[35m[HTTP][39m [90m{}[39m
[35m[HTTP][39m [37m<-- GET /wd/hub/session/4af83be2-22da-4534-801a-fb982d9e7c5d/appium/device/system_bars [39m[32m200[39m [90m160 ms - 151[39m
[35m[HTTP][39m [90m[39m
[35m[HTTP][39m [37m-->[39m [37mPOST[39m [37m/wd/hub/session/4af83be2-22da-4534-801a-fb982d9e7c5d/appium/device/activate_app[39m
[35m[HTTP][39m [90m{"bundleId":"com.samsung.ecomm"}[39m
[35m[HTTP][39m [37m<-- POST /wd/hub/session/4af83be2-22da-4534-801a-fb982d9e7c5d/appium/device/activate_app [39m[32m200[39m [90m890 ms - 14[39m
[35m[HTTP][39m [90m[39m
[35m[HTTP][39m [37m-->[39m [37mGET[39m [37m/wd/hub/session/4af83be2-22da-4534-801a-fb982d9e7c5d/source[39m
[35m[HTTP][39m [90m{}[39m
[35m[W3C (4af83be2)][39m Driver proxy active, passing request on via HTTP proxy
[35m[WD Proxy][39m Replacing sessionId 97b49fdc-b5b5-4e10-90b7-adb521e43a3e with 4af83be2-22da-4534-801a-fb982d9e7c5d
[35m[HTTP][39m [37m<-- GET /wd/hub/session/4af83be2-22da-4534-801a-fb982d9e7c5d/source [39m[32m200[39m [90m9209 ms - 20296[39m
[35m[HTTP][39m [90m[39m
[35m[HTTP][39m [37m-->[39m [37mGET[39m [37m/wd/hub/session/4af83be2-22da-4534-801a-fb982d9e7c5d/screenshot[39m
[35m[HTTP][39m [90m{}[39m
[35m[HTTP][39m [37m<-- GET /wd/hub/session/4af83be2-22da-4534-801a-fb982d9e7c5d/screenshot [39m[32m200[39m [90m763 ms - 66744[39m
[35m[HTTP][39m [90m[39m
[35m[HTTP][39m [37m-->[39m [37mGET[39m [37m/wd/hub/session/4af83be2-22da-4534-801a-fb982d9e7c5d/source[39m
[35m[HTTP][39m [90m{}[39m
[35m[W3C (4af83be2)][39m Driver proxy active, passing request on via HTTP proxy
[35m[WD Proxy][39m Replacing sessionId 97b49fdc-b5b5-4e10-90b7-adb521e43a3e with 4af83be2-22da-4534-801a-fb982d9e7c5d
[35m[HTTP][39m [37m<-- GET /wd/hub/session/4af83be2-22da-4534-801a-fb982d9e7c5d/source [39m[32m200[39m [90m245 ms - 33329[39m
[35m[HTTP][39m [90m[39m
[35m[HTTP][39m [37m-->[39m [37mGET[39m [37m/wd/hub/session/4af83be2-22da-4534-801a-fb982d9e7c5d/screenshot[39m
[35m[HTTP][39m [90m{}[39m
[35m[HTTP][39m [37m<-- GET /wd/hub/session/4af83be2-22da-4534-801a-fb982d9e7c5d/screenshot [39m[32m200[39m [90m592 ms - 236288[39m
[35m[HTTP][39m [90m[39m
[35m[HTTP][39m [37m-->[39m [37mPOST[39m [37m/wd/hub/session/4af83be2-22da-4534-801a-fb982d9e7c5d/elements[39m
[35m[HTTP][39m [90m{"using":"xpath","value":"//*[@class = 'android.widget.EditText' and (@text = 'Search' or . = 'Search') and @resource-id = 'com.samsung.ecomm:id/fsv_search_text']"}[39m
[35m[HTTP][39m [37m<-- POST /wd/hub/session/4af83be2-22da-4534-801a-fb982d9e7c5d/elements [39m[32m200[39m [90m394 ms - 139[39m
[35m[HTTP][39m [90m[39m
[35m[HTTP][39m [37m-->[39m [37mGET[39m [37m/wd/hub/session/4af83be2-22da-4534-801a-fb982d9e7c5d/window/rect[39m
[35m[HTTP][39m [90m{}[39m
[35m[HTTP][39m [37m<-- GET /wd/hub/session/4af83be2-22da-4534-801a-fb982d9e7c5d/window/rect [39m[32m200[39m [90m17 ms - 50[39m
[35m[HTTP][39m [90m[39m
[35m[HTTP][39m [37m-->[39m [37mPOST[39m [37m/wd/hub/session/4af83be2-22da-4534-801a-fb982d9e7c5d/elements[39m
[35m[HTTP][39m [90m{"using":"xpath","value":"//*[@class = 'android.widget.EditText' and (@text = 'Search' or . = 'Search') and @resource-id = 'com.samsung.ecomm:id/fsv_search_text']"}[39m
[35m[HTTP][39m [37m<-- POST /wd/hub/session/4af83be2-22da-4534-801a-fb982d9e7c5d/elements [39m[32m200[39m [90m139 ms - 139[39m
[35m[HTTP][39m [90m[39m
[35m[HTTP][39m [37m-->[39m [37mGET[39m [37m/wd/hub/session/4af83be2-22da-4534-801a-fb982d9e7c5d/element/00000000-0000-007f-7fff-ffff000000d4/location[39m
[35m[HTTP][39m [90m{}[39m
[35m[W3C (4af83be2)][39m Driver proxy active, passing request on via HTTP proxy
[35m[WD Proxy][39m Replacing sessionId 97b49fdc-b5b5-4e10-90b7-adb521e43a3e with 4af83be2-22da-4534-801a-fb982d9e7c5d
[35m[HTTP][39m [37m<-- GET /wd/hub/session/4af83be2-22da-4534-801a-fb982d9e7c5d/element/00000000-0000-007f-7fff-ffff000000d4/location [39m[32m200[39m [90m19 ms - 77[39m
[35m[HTTP][39m [90m[39m
[35m[HTTP][39m [37m-->[39m [37mPOST[39m [37m/wd/hub/session/4af83be2-22da-4534-801a-fb982d9e7c5d/element/00000000-0000-007f-7fff-ffff000000d4/clear[39m
[35m[HTTP][39m [90m{"id":"00000000-0000-007f-7fff-ffff000000d4"}[39m
[35m[HTTP][39m [37m<-- POST /wd/hub/session/4af83be2-22da-4534-801a-fb982d9e7c5d/element/00000000-0000-007f-7fff-ffff000000d4/clear [39m[32m200[39m [90m30 ms - 14[39m
[35m[HTTP][39m [90m[39m
[35m[HTTP][39m [37m-->[39m [37mPOST[39m [37m/wd/hub/session/4af83be2-22da-4534-801a-fb982d9e7c5d/element/00000000-0000-007f-7fff-ffff000000d4/value[39m
[35m[HTTP][39m [90m{"id":"00000000-0000-007f-7fff-ffff000000d4","text":"galaxy","value":["g","a","l","a","x","y"]}[39m
[35m[HTTP][39m [37m<-- POST /wd/hub/session/4af83be2-22da-4534-801a-fb982d9e7c5d/element/00000000-0000-007f-7fff-ffff000000d4/value [39m[32m200[39m [90m1301 ms - 14[39m
[35m[HTTP][39m [90m[39m
[35m[HTTP][39m [37m-->[39m [37mGET[39m [37m/wd/hub/session/4af83be2-22da-4534-801a-fb982d9e7c5d/source[39m
[35m[HTTP][39m [90m{}[39m
[35m[W3C (4af83be2)][39m Driver proxy active, passing request on via HTTP proxy
[35m[WD Proxy][39m Replacing sessionId 97b49fdc-b5b5-4e10-90b7-adb521e43a3e with 4af83be2-22da-4534-801a-fb982d9e7c5d
[35m[HTTP][39m [37m<-- GET /wd/hub/session/4af83be2-22da-4534-801a-fb982d9e7c5d/source [39m[32m200[39m [90m423 ms - 39133[39m
[35m[HTTP][39m [90m[39m
[35m[HTTP][39m [37m-->[39m [37mGET[39m [37m/wd/hub/session/4af83be2-22da-4534-801a-fb982d9e7c5d/screenshot[39m
[35m[HTTP][39m [90m{}[39m
[35m[HTTP][39m [37m<-- GET /wd/hub/session/4af83be2-22da-4534-801a-fb982d9e7c5d/screenshot [39m[32m200[39m [90m448 ms - 209734[39m
[35m[HTTP][39m [90m[39m
[35m[HTTP][39m [37m-->[39m [37mPOST[39m [37m/wd/hub/session/4af83be2-22da-4534-801a-fb982d9e7c5d/elements[39m
[35m[HTTP][39m [90m{"using":"xpath","value":"//*[@class = 'android.widget.TextView' and (@text = 'Galaxy S20FE 5G' or . = 'Galaxy S20FE 5G') and @resource-id = 'com.samsung.ecomm:id/suggestion_txt']"}[39m
[35m[HTTP][39m [37m<-- POST /wd/hub/session/4af83be2-22da-4534-801a-fb982d9e7c5d/elements [39m[32m200[39m [90m226 ms - 139[39m
[35m[HTTP][39m [90m[39m
[35m[HTTP][39m [37m-->[39m [37mGET[39m [37m/wd/hub/session/4af83be2-22da-4534-801a-fb982d9e7c5d/window/rect[39m
[35m[HTTP][39m [90m{}[39m
[35m[HTTP][39m [37m<-- GET /wd/hub/session/4af83be2-22da-4534-801a-fb982d9e7c5d/window/rect [39m[32m200[39m [90m20 ms - 50[39m
[35m[HTTP][39m [90m[39m
[35m[HTTP][39m [37m-->[39m [37mPOST[39m [37m/wd/hub/session/4af83be2-22da-4534-801a-fb982d9e7c5d/elements[39m
[35m[HTTP][39m [90m{"using":"xpath","value":"//*[@class = 'android.widget.TextView' and (@text = 'Galaxy S20FE 5G' or . = 'Galaxy S20FE 5G') and @resource-id = 'com.samsung.ecomm:id/suggestion_txt']"}[39m
[35m[HTTP][39m [37m<-- POST /wd/hub/session/4af83be2-22da-4534-801a-fb982d9e7c5d/elements [39m[32m200[39m [90m124 ms - 139[39m
[35m[HTTP][39m [90m[39m
[35m[HTTP][39m [37m-->[39m [37mGET[39m [37m/wd/hub/session/4af83be2-22da-4534-801a-fb982d9e7c5d/element/00000000-0000-007f-7fff-ffff000001e4/location[39m
[35m[HTTP][39m [90m{}[39m
[35m[W3C (4af83be2)][39m Driver proxy active, passing request on via HTTP proxy
[35m[WD Proxy][39m Replacing sessionId 97b49fdc-b5b5-4e10-90b7-adb521e43a3e with 4af83be2-22da-4534-801a-fb982d9e7c5d
[35m[HTTP][39m [37m<-- GET /wd/hub/session/4af83be2-22da-4534-801a-fb982d9e7c5d/element/00000000-0000-007f-7fff-ffff000001e4/location [39m[32m200[39m [90m16 ms - 77[39m
[35m[HTTP][39m [90m[39m
[35m[HTTP][39m [37m-->[39m [37mPOST[39m [37m/wd/hub/session/4af83be2-22da-4534-801a-fb982d9e7c5d/element/00000000-0000-007f-7fff-ffff000001e4/click[39m
[35m[HTTP][39m [90m{"id":"00000000-0000-007f-7fff-ffff000001e4"}[39m
[35m[HTTP][39m [37m<-- POST /wd/hub/session/4af83be2-22da-4534-801a-fb982d9e7c5d/element/00000000-0000-007f-7fff-ffff000001e4/click [39m[32m200[39m [90m32 ms - 14[39m
[35m[HTTP][39m [90m[39m
[35m[HTTP][39m [37m-->[39m [37mGET[39m [37m/wd/hub/session/4af83be2-22da-4534-801a-fb982d9e7c5d/source[39m
[35m[HTTP][39m [90m{}[39m
[35m[W3C (4af83be2)][39m Driver proxy active, passing request on via HTTP proxy
[35m[WD Proxy][39m Replacing sessionId 97b49fdc-b5b5-4e10-90b7-adb521e43a3e with 4af83be2-22da-4534-801a-fb982d9e7c5d
[35m[HTTP][39m [37m<-- GET /wd/hub/session/4af83be2-22da-4534-801a-fb982d9e7c5d/source [39m[32m200[39m [90m2761 ms - 23040[39m
[35m[HTTP][39m [90m[39m
[35m[HTTP][39m [37m-->[39m [37mGET[39m [37m/wd/hub/session/4af83be2-22da-4534-801a-fb982d9e7c5d/screenshot[39m
[35m[HTTP][39m [90m{}[39m
[35m[HTTP][39m [37m<-- GET /wd/hub/session/4af83be2-22da-4534-801a-fb982d9e7c5d/screenshot [39m[32m200[39m [90m810 ms - 728476[39m
[35m[HTTP][39m [90m[39m
[35m[HTTP][39m [37m-->[39m [37mGET[39m [37m/wd/hub/session/4af83be2-22da-4534-801a-fb982d9e7c5d/source[39m
[35m[HTTP][39m [90m{}[39m
[35m[W3C (4af83be2)][39m Driver proxy active, passing request on via HTTP proxy
[35m[WD Proxy][39m Replacing sessionId 97b49fdc-b5b5-4e10-90b7-adb521e43a3e with 4af83be2-22da-4534-801a-fb982d9e7c5d
[35m[HTTP][39m [37m<-- GET /wd/hub/session/4af83be2-22da-4534-801a-fb982d9e7c5d/source [39m[32m200[39m [90m204 ms - 35463[39m
[35m[HTTP][39m [90m[39m
[35m[HTTP][39m [37m-->[39m [37mGET[39m [37m/wd/hub/session/4af83be2-22da-4534-801a-fb982d9e7c5d/screenshot[39m
[35m[HTTP][39m [90m{}[39m
[35m[HTTP][39m [37m<-- GET /wd/hub/session/4af83be2-22da-4534-801a-fb982d9e7c5d/screenshot [39m[32m200[39m [90m743 ms - 728836[39m
[35m[HTTP][39m [90m[39m
[35m[HTTP][39m [37m-->[39m [37mPOST[39m [37m/wd/hub/session/4af83be2-22da-4534-801a-fb982d9e7c5d/elements[39m
[35m[HTTP][39m [90m{"using":"xpath","value":"//*[@class = 'android.widget.TextView' and (@text = 'Buy Now' or . = 'Buy Now') and @resource-id = 'com.samsung.ecomm:id/start_configurator']"}[39m
[35m[HTTP][39m [37m<-- POST /wd/hub/session/4af83be2-22da-4534-801a-fb982d9e7c5d/elements [39m[32m200[39m [90m152 ms - 139[39m
[35m[HTTP][39m [90m[39m
[35m[HTTP][39m [37m-->[39m [37mGET[39m [37m/wd/hub/session/4af83be2-22da-4534-801a-fb982d9e7c5d/window/rect[39m
[35m[HTTP][39m [90m{}[39m
[35m[HTTP][39m [37m<-- GET /wd/hub/session/4af83be2-22da-4534-801a-fb982d9e7c5d/window/rect [39m[32m200[39m [90m13 ms - 50[39m
[35m[HTTP][39m [90m[39m
[35m[HTTP][39m [37m-->[39m [37mPOST[39m [37m/wd/hub/session/4af83be2-22da-4534-801a-fb982d9e7c5d/elements[39m
[35m[HTTP][39m [90m{"using":"xpath","value":"//*[@class = 'android.widget.TextView' and (@text = 'Buy Now' or . = 'Buy Now') and @resource-id = 'com.samsung.ecomm:id/start_configurator']"}[39m
[35m[HTTP][39m [37m<-- POST /wd/hub/session/4af83be2-22da-4534-801a-fb982d9e7c5d/elements [39m[32m200[39m [90m147 ms - 139[39m
[35m[HTTP][39m [90m[39m
[35m[HTTP][39m [37m-->[39m [37mGET[39m [37m/wd/hub/session/4af83be2-22da-4534-801a-fb982d9e7c5d/element/00000000-0000-007f-7fff-ffff000002e0/location[39m
[35m[HTTP][39m [90m{}[39m
[35m[W3C (4af83be2)][39m Driver proxy active, passing request on via HTTP proxy
[35m[WD Proxy][39m Replacing sessionId 97b49fdc-b5b5-4e10-90b7-adb521e43a3e with 4af83be2-22da-4534-801a-fb982d9e7c5d
[35m[HTTP][39m [37m<-- GET /wd/hub/session/4af83be2-22da-4534-801a-fb982d9e7c5d/element/00000000-0000-007f-7fff-ffff000002e0/location [39m[32m200[39m [90m23 ms - 77[39m
[35m[HTTP][39m [90m[39m
[35m[HTTP][39m [37m-->[39m [37mPOST[39m [37m/wd/hub/session/4af83be2-22da-4534-801a-fb982d9e7c5d/element/00000000-0000-007f-7fff-ffff000002e0/click[39m
[35m[HTTP][39m [90m{"id":"00000000-0000-007f-7fff-ffff000002e0"}[39m
[35m[HTTP][39m [37m<-- POST /wd/hub/session/4af83be2-22da-4534-801a-fb982d9e7c5d/element/00000000-0000-007f-7fff-ffff000002e0/click [39m[32m200[39m [90m27 ms - 14[39m
[35m[HTTP][39m [90m[39m
[35m[HTTP][39m [37m-->[39m [37mGET[39m [37m/wd/hub/session/4af83be2-22da-4534-801a-fb982d9e7c5d/source[39m
[35m[HTTP][39m [90m{}[39m
[35m[W3C (4af83be2)][39m Driver proxy active, passing request on via HTTP proxy
[35m[WD Proxy][39m Replacing sessionId 97b49fdc-b5b5-4e10-90b7-adb521e43a3e with 4af83be2-22da-4534-801a-fb982d9e7c5d
[35m[HTTP][39m [37m<-- GET /wd/hub/session/4af83be2-22da-4534-801a-fb982d9e7c5d/source [39m[32m200[39m [90m2004 ms - 35897[39m
[35m[HTTP][39m [90m[39m
[35m[HTTP][39m [37m-->[39m [37mGET[39m [37m/wd/hub/session/4af83be2-22da-4534-801a-fb982d9e7c5d/screenshot[39m
[35m[HTTP][39m [90m{}[39m
[35m[HTTP][39m [37m<-- GET /wd/hub/session/4af83be2-22da-4534-801a-fb982d9e7c5d/screenshot [39m[32m200[39m [90m532 ms - 40142[39m
[35m[HTTP][39m [90m[39m
[35m[HTTP][39m [37m-->[39m [37mGET[39m [37m/wd/hub/session/4af83be2-22da-4534-801a-fb982d9e7c5d/source[39m
[35m[HTTP][39m [90m{}[39m
[35m[W3C (4af83be2)][39m Driver proxy active, passing request on via HTTP proxy
[35m[WD Proxy][39m Replacing sessionId 97b49fdc-b5b5-4e10-90b7-adb521e43a3e with 4af83be2-22da-4534-801a-fb982d9e7c5d
[35m[HTTP][39m [37m<-- GET /wd/hub/session/4af83be2-22da-4534-801a-fb982d9e7c5d/source [39m[32m200[39m [90m241 ms - 38610[39m
[35m[HTTP][39m [90m[39m
[35m[HTTP][39m [37m-->[39m [37mGET[39m [37m/wd/hub/session/4af83be2-22da-4534-801a-fb982d9e7c5d/screenshot[39m
[35m[HTTP][39m [90m{}[39m
[35m[HTTP][39m [37m<-- GET /wd/hub/session/4af83be2-22da-4534-801a-fb982d9e7c5d/screenshot [39m[32m200[39m [90m568 ms - 357122[39m
[35m[HTTP][39m [90m[39m
[35m[HTTP][39m [37m-->[39m [37mPOST[39m [37m/wd/hub/session/4af83be2-22da-4534-801a-fb982d9e7c5d/elements[39m
[35m[HTTP][39m [90m{"using":"xpath","value":"//*[@class = 'android.widget.TextView' and @resource-id = 'com.samsung.ecomm:id/action_search' and (@text = '' or . = '')]"}[39m
[35m[HTTP][39m [37m<-- POST /wd/hub/session/4af83be2-22da-4534-801a-fb982d9e7c5d/elements [39m[32m200[39m [90m162 ms - 139[39m
[35m[HTTP][39m [90m[39m
[35m[HTTP][39m [37m-->[39m [37mGET[39m [37m/wd/hub/session/4af83be2-22da-4534-801a-fb982d9e7c5d/window/rect[39m
[35m[HTTP][39m [90m{}[39m
[35m[HTTP][39m [37m<-- GET /wd/hub/session/4af83be2-22da-4534-801a-fb982d9e7c5d/window/rect [39m[32m200[39m [90m17 ms - 50[39m
[35m[HTTP][39m [90m[39m
[35m[HTTP][39m [37m-->[39m [37mPOST[39m [37m/wd/hub/session/4af83be2-22da-4534-801a-fb982d9e7c5d/elements[39m
[35m[HTTP][39m [90m{"using":"xpath","value":"//*[@class = 'android.widget.TextView' and @resource-id = 'com.samsung.ecomm:id/action_search' and (@text = '' or . = '')]"}[39m
[35m[HTTP][39m [37m<-- POST /wd/hub/session/4af83be2-22da-4534-801a-fb982d9e7c5d/elements [39m[32m200[39m [90m169 ms - 139[39m
[35m[HTTP][39m [90m[39m
[35m[HTTP][39m [37m-->[39m [37mGET[39m [37m/wd/hub/session/4af83be2-22da-4534-801a-fb982d9e7c5d/element/00000000-0000-007f-7fff-ffff000004b2/location[39m
[35m[HTTP][39m [90m{}[39m
[35m[W3C (4af83be2)][39m Driver proxy active, passing request on via HTTP proxy
[35m[WD Proxy][39m Replacing sessionId 97b49fdc-b5b5-4e10-90b7-adb521e43a3e with 4af83be2-22da-4534-801a-fb982d9e7c5d
[35m[HTTP][39m [37m<-- GET /wd/hub/session/4af83be2-22da-4534-801a-fb982d9e7c5d/element/00000000-0000-007f-7fff-ffff000004b2/location [39m[32m200[39m [90m15 ms - 77[39m
[35m[HTTP][39m [90m[39m
[35m[HTTP][39m [37m-->[39m [37mPOST[39m [37m/wd/hub/session/4af83be2-22da-4534-801a-fb982d9e7c5d/element/00000000-0000-007f-7fff-ffff000004b2/click[39m
[35m[HTTP][39m [90m{"id":"00000000-0000-007f-7fff-ffff000004b2"}[39m
[35m[HTTP][39m [37m<-- POST /wd/hub/session/4af83be2-22da-4534-801a-fb982d9e7c5d/element/00000000-0000-007f-7fff-ffff000004b2/click [39m[32m200[39m [90m24 ms - 14[39m
[35m[HTTP][39m [90m[39m
[35m[HTTP][39m [37m-->[39m [37mGET[39m [37m/wd/hub/session/4af83be2-22da-4534-801a-fb982d9e7c5d/source[39m
[35m[HTTP][39m [90m{}[39m
[35m[W3C (4af83be2)][39m Driver proxy active, passing request on via HTTP proxy
[35m[WD Proxy][39m Replacing sessionId 97b49fdc-b5b5-4e10-90b7-adb521e43a3e with 4af83be2-22da-4534-801a-fb982d9e7c5d
[35m[HTTP][39m [37m<-- GET /wd/hub/session/4af83be2-22da-4534-801a-fb982d9e7c5d/source [39m[32m200[39m [90m1255 ms - 32601[39m
[35m[HTTP][39m [90m[39m
[35m[HTTP][39m [37m-->[39m [37mGET[39m [37m/wd/hub/session/4af83be2-22da-4534-801a-fb982d9e7c5d/screenshot[39m
[35m[HTTP][39m [90m{}[39m
[35m[HTTP][39m [37m<-- GET /wd/hub/session/4af83be2-22da-4534-801a-fb982d9e7c5d/screenshot [39m[32m200[39m [90m494 ms - 254350[39m
[35m[HTTP][39m [90m[39m
[35m[HTTP][39m [37m-->[39m [37mDELETE[39m [37m/wd/hub/session/4af83be2-22da-4534-801a-fb982d9e7c5d[39m
[35m[HTTP][39m [90m{}[39m
[35m[Appium][39m Removing session 4af83be2-22da-4534-801a-fb982d9e7c5d from our master session list
[35m[HTTP][39m [37m<-- DELETE /wd/hub/session/4af83be2-22da-4534-801a-fb982d9e7c5d [39m[32m200[39m [90m1071 ms - 14[39m
[35m[HTTP][39m [90m[39m
